Removed Pin From Net: NetName=GND Pin=C9-1
Removed Pin From Net: NetName=NetC1_2 Pin=C9-2
Removed Pin From Net: NetName=GND Pin=C10-1
Removed Pin From Net: NetName=NetC1_2 Pin=C10-2
Removed Pin From Net: NetName=GND Pin=C11-1
Removed Pin From Net: NetName=NetC1_2 Pin=C11-2
Removed Pin From Net: NetName=GND Pin=C12-1
Removed Pin From Net: NetName=NetC1_2 Pin=C12-2
Removed Pin From Net: NetName=GND Pin=C13-1
Removed Pin From Net: NetName=NetC1_2 Pin=C13-2
Removed Pin From Net: NetName=GND Pin=C14-1
Removed Pin From Net: NetName=NetC1_2 Pin=C14-2
Removed Pin From Net: NetName=NetC1_2 Pin=R11-1
Removed Pin From Net: NetName=NetC1_2 Pin=R12-1
Removed Pin From Net: NetName=NetC1_2 Pin=R13-2
Removed Pin From Net: NetName=NetC1_2 Pin=R14-2
Removed Pin From Net: NetName=NetC1_2 Pin=R15-1
Removed Pin From Net: NetName=NetC1_2 Pin=R16-1
Removed Pin From Net: NetName=GND Pin=V4-1
Removed Pin From Net: NetName=NetC1_2 Pin=V4-3
Removed Pin From Net: NetName=NetC1_2 Pin=V4-4
Removed Pin From Net: NetName=GND Pin=V5-1
Removed Pin From Net: NetName=NetC1_2 Pin=V5-3
Removed Pin From Net: NetName=NetC1_2 Pin=V5-4
Removed Pin From Net: NetName=GND Pin=V6-1
Removed Pin From Net: NetName=NetC1_2 Pin=V6-3
Removed Pin From Net: NetName=NetC1_2 Pin=V6-4
Removed Member From Class: ClassName=main_schematic Member=C9
Removed Member From Class: ClassName=main_schematic Member=C10
Removed Member From Class: ClassName=main_schematic Member=C11
Removed Member From Class: ClassName=main_schematic Member=C12
Removed Member From Class: ClassName=main_schematic Member=C13
Removed Member From Class: ClassName=main_schematic Member=C14
Removed Member From Class: ClassName=main_schematic Member=R11
Removed Member From Class: ClassName=main_schematic Member=R12
Removed Member From Class: ClassName=main_schematic Member=R13
Removed Member From Class: ClassName=main_schematic Member=R14
Removed Member From Class: ClassName=main_schematic Member=R15
Removed Member From Class: ClassName=main_schematic Member=R16
Removed Member From Class: ClassName=main_schematic Member=V4
Removed Member From Class: ClassName=main_schematic Member=V5
Removed Member From Class: ClassName=main_schematic Member=V6
